\BOOKMARK [-1][-]{Doc-Start}{LIST OF TABLES}{}% 1
\BOOKMARK [-1][-]{Doc-Start}{LIST OF FIGURES}{}% 2
\BOOKMARK [0][-]{chapter.1}{1 }{Doc-Start}% 3
\BOOKMARK [0][-]{chapter.2}{2 }{Doc-Start}% 4
\BOOKMARK [1][-]{section.2.1}{2.1 Subjects}{chapter.2}% 5
\BOOKMARK [1][-]{section.2.2}{2.2 Data Gathering}{chapter.2}% 6
\BOOKMARK [1][-]{section.2.3}{2.3 Image Preproceessing}{chapter.2}% 7
\BOOKMARK [0][-]{chapter.3}{3 }{Doc-Start}% 8
\BOOKMARK [1][-]{section.3.1}{3.1 Background}{chapter.3}% 9
\BOOKMARK [2][-]{subsection.3.1.1}{3.1.1 Problem Background}{section.3.1}% 10
\BOOKMARK [2][-]{subsection.3.1.2}{3.1.2 History of M.L. and FDG-PET}{section.3.1}% 11
\BOOKMARK [2][-]{subsection.3.1.3}{3.1.3 Biomarker}{section.3.1}% 12
\BOOKMARK [1][-]{section.3.2}{3.2 Methods}{chapter.3}% 13
\BOOKMARK [2][-]{subsection.3.2.1}{3.2.1 Dictionary Learning and Sparse Coding}{section.3.2}% 14
\BOOKMARK [2][-]{subsection.3.2.2}{3.2.2 Max-Pooling}{section.3.2}% 15
\BOOKMARK [2][-]{subsection.3.2.3}{3.2.3 Dimension Reduction}{section.3.2}% 16
\BOOKMARK [2][-]{subsection.3.2.4}{3.2.4 AdaBoost}{section.3.2}% 17
\BOOKMARK [0][-]{chapter.4}{4 }{Doc-Start}% 18
\BOOKMARK [1][-]{section.4.1}{4.1 Patch Based Dictionary Learning Pipeline}{chapter.4}% 19
\BOOKMARK [2][-]{subsection.4.1.1}{4.1.1 Patch Generation for Dictionary Learning}{section.4.1}% 20
\BOOKMARK [2][-]{subsection.4.1.2}{4.1.2 Finding Dictionary and Sparse Codes}{section.4.1}% 21
\BOOKMARK [1][-]{section.4.2}{4.2 Patch Based Dimensionality Reduction Pipeline}{chapter.4}% 22
\BOOKMARK [2][-]{subsection.4.2.1}{4.2.1 Patch Generation and Feature Selection}{section.4.2}% 23
\BOOKMARK [2][-]{subsection.4.2.2}{4.2.2 Finding Linear Class Separability}{section.4.2}% 24
\BOOKMARK [1][-]{section.4.3}{4.3 Assumptions}{chapter.4}% 25
\BOOKMARK [0][-]{chapter.5}{5 }{Doc-Start}% 26
\BOOKMARK [1][-]{section.5.1}{5.1 Experimental Setup}{chapter.5}% 27
\BOOKMARK [2][-]{subsection.5.1.1}{5.1.1 System Configuration}{section.5.1}% 28
\BOOKMARK [2][-]{subsection.5.1.2}{5.1.2 Languages and Software used.}{section.5.1}% 29
\BOOKMARK [1][-]{section.5.2}{5.2 Results}{chapter.5}% 30
\BOOKMARK [2][-]{subsection.5.2.1}{5.2.1 Comparison between Sets of Features.}{section.5.2}% 31
\BOOKMARK [2][-]{subsection.5.2.2}{5.2.2 Pooling and Dimension Reduction}{section.5.2}% 32
\BOOKMARK [2][-]{subsection.5.2.3}{5.2.3 Patch Based Stochastic Coordinate Coding}{section.5.2}% 33
\BOOKMARK [2][-]{subsection.5.2.4}{5.2.4 AUC of ROC Curves}{section.5.2}% 34
\BOOKMARK [0][-]{chapter.6}{6 }{Doc-Start}% 35
\BOOKMARK [0][-]{chapter.7}{7 }{Doc-Start}% 36
\BOOKMARK [0][-]{chapter.8}{8 }{Doc-Start}% 37
\BOOKMARK [-1][-]{Item.20}{REFERENCES}{}% 38
